This is pdfTeX, Version 3.141592653-2.6-1.40.28 (TeX Live 2025) (preloaded format=pdflatex 2025.11.3)  12 JUN 2026 23:13
entering extended mode
 restricted \write18 enabled.
 file:line:error style messages enabled.
 %&-line parsing enabled.
**c:/Users/david/Documents/programming/clases_tec/my8voRetoIA/paper.tex
(c:/Users/david/Documents/programming/clases_tec/my8voRetoIA/paper.tex
LaTeX2e <2025-11-01>
L3 programming layer <2025-10-24>
(c:/Users/david/AppData/Roaming/TinyTeX/texmf-dist/tex/latex/base/article.cls
Document Class: article 2025/01/22 v1.4n Standard LaTeX document class
(c:/Users/david/AppData/Roaming/TinyTeX/texmf-dist/tex/latex/base/size10.clo
File: size10.clo 2025/01/22 v1.4n Standard LaTeX file (size option)
)
\c@part=\count275
\c@section=\count276
\c@subsection=\count277
\c@subsubsection=\count278
\c@paragraph=\count279
\c@subparagraph=\count280
\c@figure=\count281
\c@table=\count282
\abovecaptionskip=\skip49
\belowcaptionskip=\skip50
\bibindent=\dimen148
) (c:/Users/david/AppData/Roaming/TinyTeX/texmf-dist/tex/latex/base/inputenc.sty
Package: inputenc 2024/02/08 v1.3d Input encoding file
\inpenc@prehook=\toks17
\inpenc@posthook=\toks18
) (c:/Users/david/AppData/Roaming/TinyTeX/texmf-dist/tex/latex/base/fontenc.sty
Package: fontenc 2025/07/18 v2.1d Standard LaTeX package
) (c:/Users/david/AppData/Roaming/TinyTeX/texmf-dist/tex/latex/geometry/geometry.sty
Package: geometry 2020/01/02 v5.9 Page Geometry
 (c:/Users/david/AppData/Roaming/TinyTeX/texmf-dist/tex/latex/graphics/keyval.sty
Package: keyval 2022/05/29 v1.15 key=value parser (DPC)
\KV@toks@=\toks19
) (c:/Users/david/AppData/Roaming/TinyTeX/texmf-dist/tex/generic/iftex/ifvtex.sty
Package: ifvtex 2019/10/25 v1.7 ifvtex legacy package. Use iftex instead.
 (c:/Users/david/AppData/Roaming/TinyTeX/texmf-dist/tex/generic/iftex/iftex.sty
Package: iftex 2024/12/12 v1.0g TeX engine tests
))
\Gm@cnth=\count283
\Gm@cntv=\count284
\c@Gm@tempcnt=\count285
\Gm@bindingoffset=\dimen149
\Gm@wd@mp=\dimen150
\Gm@odd@mp=\dimen151
\Gm@even@mp=\dimen152
\Gm@layoutwidth=\dimen153
\Gm@layoutheight=\dimen154
\Gm@layouthoffset=\dimen155
\Gm@layoutvoffset=\dimen156
\Gm@dimlist=\toks20
) (c:/Users/david/AppData/Roaming/TinyTeX/texmf-dist/tex/latex/amsmath/amsmath.sty
Package: amsmath 2025/07/09 v2.17z AMS math features
\@mathmargin=\skip51

For additional information on amsmath, use the `?' option.
(c:/Users/david/AppData/Roaming/TinyTeX/texmf-dist/tex/latex/amsmath/amstext.sty
Package: amstext 2024/11/17 v2.01 AMS text
 (c:/Users/david/AppData/Roaming/TinyTeX/texmf-dist/tex/latex/amsmath/amsgen.sty
File: amsgen.sty 1999/11/30 v2.0 generic functions
\@emptytoks=\toks21
\ex@=\dimen157
)) (c:/Users/david/AppData/Roaming/TinyTeX/texmf-dist/tex/latex/amsmath/amsbsy.sty
Package: amsbsy 1999/11/29 v1.2d Bold Symbols
\pmbraise@=\dimen158
) (c:/Users/david/AppData/Roaming/TinyTeX/texmf-dist/tex/latex/amsmath/amsopn.sty
Package: amsopn 2022/04/08 v2.04 operator names
)
\inf@bad=\count286
LaTeX Info: Redefining \frac on input line 233.
\uproot@=\count287
\leftroot@=\count288
LaTeX Info: Redefining \overline on input line 398.
LaTeX Info: Redefining \colon on input line 409.
\classnum@=\count289
\DOTSCASE@=\count290
LaTeX Info: Redefining \ldots on input line 495.
LaTeX Info: Redefining \dots on input line 498.
LaTeX Info: Redefining \cdots on input line 619.
\Mathstrutbox@=\box53
\strutbox@=\box54
LaTeX Info: Redefining \big on input line 721.
LaTeX Info: Redefining \Big on input line 722.
LaTeX Info: Redefining \bigg on input line 723.
LaTeX Info: Redefining \Bigg on input line 724.
\big@size=\dimen159
LaTeX Font Info:    Redeclaring font encoding OML on input line 742.
LaTeX Font Info:    Redeclaring font encoding OMS on input line 743.
\macc@depth=\count291
LaTeX Info: Redefining \bmod on input line 904.
LaTeX Info: Redefining \pmod on input line 909.
LaTeX Info: Redefining \smash on input line 939.
LaTeX Info: Redefining \relbar on input line 969.
LaTeX Info: Redefining \Relbar on input line 970.
\c@MaxMatrixCols=\count292
\dotsspace@=\muskip17
\c@parentequation=\count293
\dspbrk@lvl=\count294
\tag@help=\toks22
\row@=\count295
\column@=\count296
\maxfields@=\count297
\andhelp@=\toks23
\eqnshift@=\dimen160
\alignsep@=\dimen161
\tagshift@=\dimen162
\tagwidth@=\dimen163
\totwidth@=\dimen164
\lineht@=\dimen165
\@envbody=\toks24
\multlinegap=\skip52
\multlinetaggap=\skip53
\mathdisplay@stack=\toks25
LaTeX Info: Redefining \[ on input line 2950.
LaTeX Info: Redefining \] on input line 2951.
) (c:/Users/david/AppData/Roaming/TinyTeX/texmf-dist/tex/latex/amsfonts/amssymb.sty
Package: amssymb 2013/01/14 v3.01 AMS font symbols
 (c:/Users/david/AppData/Roaming/TinyTeX/texmf-dist/tex/latex/amsfonts/amsfonts.sty
Package: amsfonts 2013/01/14 v3.01 Basic AMSFonts support
\symAMSa=\mathgroup4
\symAMSb=\mathgroup5
LaTeX Font Info:    Redeclaring math symbol \hbar on input line 98.
LaTeX Font Info:    Overwriting math alphabet `\mathfrak' in version `bold'
(Font)                  U/euf/m/n --> U/euf/b/n on input line 106.
)) (c:/Users/david/AppData/Roaming/TinyTeX/texmf-dist/tex/latex/booktabs/booktabs.sty
Package: booktabs 2020/01/12 v1.61803398 Publication quality tables
\heavyrulewidth=\dimen166
\lightrulewidth=\dimen167
\cmidrulewidth=\dimen168
\belowrulesep=\dimen169
\belowbottomsep=\dimen170
\aboverulesep=\dimen171
\abovetopsep=\dimen172
\cmidrulesep=\dimen173
\cmidrulekern=\dimen174
\defaultaddspace=\dimen175
\@cmidla=\count298
\@cmidlb=\count299
\@aboverulesep=\dimen176
\@belowrulesep=\dimen177
\@thisruleclass=\count300
\@lastruleclass=\count301
\@thisrulewidth=\dimen178
) (c:/Users/david/AppData/Roaming/TinyTeX/texmf-dist/tex/latex/graphics/graphicx.sty
Package: graphicx 2024/12/31 v1.2e Enhanced LaTeX Graphics (DPC,SPQR)
 (c:/Users/david/AppData/Roaming/TinyTeX/texmf-dist/tex/latex/graphics/graphics.sty
Package: graphics 2024/08/06 v1.4g Standard LaTeX Graphics (DPC,SPQR)
 (c:/Users/david/AppData/Roaming/TinyTeX/texmf-dist/tex/latex/graphics/trig.sty
Package: trig 2023/12/02 v1.11 sin cos tan (DPC)
) (c:/Users/david/AppData/Roaming/TinyTeX/texmf-dist/tex/latex/graphics-cfg/graphics.cfg
File: graphics.cfg 2016/06/04 v1.11 sample graphics configuration
)
Package graphics Info: Driver file: pdftex.def on input line 106.
 (c:/Users/david/AppData/Roaming/TinyTeX/texmf-dist/tex/latex/graphics-def/pdftex.def
File: pdftex.def 2025/09/29 v1.2d Graphics/color driver for pdftex
))
\Gin@req@height=\dimen179
\Gin@req@width=\dimen180
) (c:/Users/david/AppData/Roaming/TinyTeX/texmf-dist/tex/latex/hyperref/hyperref.sty
Package: hyperref 2025-07-12 v7.01o Hypertext links for LaTeX
 (c:/Users/david/AppData/Roaming/TinyTeX/texmf-dist/tex/latex/kvsetkeys/kvsetkeys.sty
Package: kvsetkeys 2022-10-05 v1.19 Key value parser (HO)
) (c:/Users/david/AppData/Roaming/TinyTeX/texmf-dist/tex/generic/kvdefinekeys/kvdefinekeys.sty
Package: kvdefinekeys 2019-12-19 v1.6 Define keys (HO)
) (c:/Users/david/AppData/Roaming/TinyTeX/texmf-dist/tex/generic/pdfescape/pdfescape.sty
Package: pdfescape 2019/12/09 v1.15 Implements pdfTeX's escape features (HO)
 (c:/Users/david/AppData/Roaming/TinyTeX/texmf-dist/tex/generic/ltxcmds/ltxcmds.sty
Package: ltxcmds 2023-12-04 v1.26 LaTeX kernel commands for general use (HO)
) (c:/Users/david/AppData/Roaming/TinyTeX/texmf-dist/tex/generic/pdftexcmds/pdftexcmds.sty
Package: pdftexcmds 2020-06-27 v0.33 Utility functions of pdfTeX for LuaTeX (HO)
 (c:/Users/david/AppData/Roaming/TinyTeX/texmf-dist/tex/generic/infwarerr/infwarerr.sty
Package: infwarerr 2019/12/03 v1.5 Providing info/warning/error messages (HO)
)
Package pdftexcmds Info: \pdf@primitive is available.
Package pdftexcmds Info: \pdf@ifprimitive is available.
Package pdftexcmds Info: \pdfdraftmode found.
)) (c:/Users/david/AppData/Roaming/TinyTeX/texmf-dist/tex/latex/hycolor/hycolor.sty
Package: hycolor 2020-01-27 v1.10 Color options for hyperref/bookmark (HO)
) (c:/Users/david/AppData/Roaming/TinyTeX/texmf-dist/tex/latex/hyperref/nameref.sty
Package: nameref 2025-06-21 v2.57 Cross-referencing by name of section
 (c:/Users/david/AppData/Roaming/TinyTeX/texmf-dist/tex/latex/refcount/refcount.sty
Package: refcount 2019/12/15 v3.6 Data extraction from label references (HO)
) (c:/Users/david/AppData/Roaming/TinyTeX/texmf-dist/tex/generic/gettitlestring/gettitlestring.sty
Package: gettitlestring 2019/12/15 v1.6 Cleanup title references (HO)
 (c:/Users/david/AppData/Roaming/TinyTeX/texmf-dist/tex/latex/kvoptions/kvoptions.sty
Package: kvoptions 2022-06-15 v3.15 Key value format for package options (HO)
))
\c@section@level=\count302
) (c:/Users/david/AppData/Roaming/TinyTeX/texmf-dist/tex/latex/etoolbox/etoolbox.sty
Package: etoolbox 2025/10/02 v2.5m e-TeX tools for LaTeX (JAW)
\etb@tempcnta=\count303
) (c:/Users/david/AppData/Roaming/TinyTeX/texmf-dist/tex/generic/stringenc/stringenc.sty
Package: stringenc 2019/11/29 v1.12 Convert strings between diff. encodings (HO)
)
\@linkdim=\dimen181
\Hy@linkcounter=\count304
\Hy@pagecounter=\count305
 (c:/Users/david/AppData/Roaming/TinyTeX/texmf-dist/tex/latex/hyperref/pd1enc.def
File: pd1enc.def 2025-07-12 v7.01o Hyperref: PDFDocEncoding definition (HO)
Now handling font encoding PD1 ...
... no UTF-8 mapping file for font encoding PD1
) (c:/Users/david/AppData/Roaming/TinyTeX/texmf-dist/tex/generic/intcalc/intcalc.sty
Package: intcalc 2019/12/15 v1.3 Expandable calculations with integers (HO)
)
\Hy@SavedSpaceFactor=\count306
 (c:/Users/david/AppData/Roaming/TinyTeX/texmf-dist/tex/latex/hyperref/puenc.def
File: puenc.def 2025-07-12 v7.01o Hyperref: PDF Unicode definition (HO)
Now handling font encoding PU ...
... no UTF-8 mapping file for font encoding PU
)
Package hyperref Info: Hyper figures OFF on input line 4195.
Package hyperref Info: Link nesting OFF on input line 4200.
Package hyperref Info: Hyper index ON on input line 4203.
Package hyperref Info: Plain pages OFF on input line 4210.
Package hyperref Info: Backreferencing OFF on input line 4215.
Package hyperref Info: Implicit mode ON; LaTeX internals redefined.
Package hyperref Info: Bookmarks ON on input line 4462.
\c@Hy@tempcnt=\count307
 (c:/Users/david/AppData/Roaming/TinyTeX/texmf-dist/tex/latex/url/url.sty
\Urlmuskip=\muskip18
Package: url 2013/09/16  ver 3.4  Verb mode for urls, etc.
)
LaTeX Info: Redefining \url on input line 4801.
\XeTeXLinkMargin=\dimen182
 (c:/Users/david/AppData/Roaming/TinyTeX/texmf-dist/tex/generic/bitset/bitset.sty
Package: bitset 2019/12/09 v1.3 Handle bit-vector datatype (HO)
 (c:/Users/david/AppData/Roaming/TinyTeX/texmf-dist/tex/generic/bigintcalc/bigintcalc.sty
Package: bigintcalc 2019/12/15 v1.5 Expandable calculations on big integers (HO)
))
\Fld@menulength=\count308
\Field@Width=\dimen183
\Fld@charsize=\dimen184
Package hyperref Info: Hyper figures OFF on input line 6078.
Package hyperref Info: Link nesting OFF on input line 6083.
Package hyperref Info: Hyper index ON on input line 6086.
Package hyperref Info: backreferencing OFF on input line 6093.
Package hyperref Info: Link coloring OFF on input line 6098.
Package hyperref Info: Link coloring with OCG OFF on input line 6103.
Package hyperref Info: PDF/A mode OFF on input line 6108.
\Hy@abspage=\count309
\c@Item=\count310
\c@Hfootnote=\count311
)
Package hyperref Info: Driver (autodetected): hpdftex.
 (c:/Users/david/AppData/Roaming/TinyTeX/texmf-dist/tex/latex/hyperref/hpdftex.def
File: hpdftex.def 2025-07-12 v7.01o Hyperref driver for pdfTeX
\Fld@listcount=\count312
\c@bookmark@seq@number=\count313
 (c:/Users/david/AppData/Roaming/TinyTeX/texmf-dist/tex/latex/rerunfilecheck/rerunfilecheck.sty
Package: rerunfilecheck 2025-06-21 v1.11 Rerun checks for auxiliary files (HO)
 (c:/Users/david/AppData/Roaming/TinyTeX/texmf-dist/tex/generic/uniquecounter/uniquecounter.sty
Package: uniquecounter 2019/12/15 v1.4 Provide unlimited unique counter (HO)
)
Package uniquecounter Info: New unique counter `rerunfilecheck' on input line 284.
)
\Hy@SectionHShift=\skip54
) (c:/Users/david/AppData/Roaming/TinyTeX/texmf-dist/tex/latex/natbib/natbib.sty
Package: natbib 2010/09/13 8.31b (PWD, AO)
\bibhang=\skip55
\bibsep=\skip56
LaTeX Info: Redefining \cite on input line 694.
\c@NAT@ctr=\count314
) (c:/Users/david/AppData/Roaming/TinyTeX/texmf-dist/tex/latex/xcolor/xcolor.sty
Package: xcolor 2024/09/29 v3.02 LaTeX color extensions (UK)
 (c:/Users/david/AppData/Roaming/TinyTeX/texmf-dist/tex/latex/graphics-cfg/color.cfg
File: color.cfg 2016/01/02 v1.6 sample color configuration
)
Package xcolor Info: Driver file: pdftex.def on input line 274.
 (c:/Users/david/AppData/Roaming/TinyTeX/texmf-dist/tex/latex/graphics/mathcolor.ltx)
Package xcolor Info: Model `cmy' substituted by `cmy0' on input line 1349.
Package xcolor Info: Model `hsb' substituted by `rgb' on input line 1353.
Package xcolor Info: Model `RGB' extended on input line 1365.
Package xcolor Info: Model `HTML' substituted by `rgb' on input line 1367.
Package xcolor Info: Model `Hsb' substituted by `hsb' on input line 1368.
Package xcolor Info: Model `tHsb' substituted by `hsb' on input line 1369.
Package xcolor Info: Model `HSB' substituted by `hsb' on input line 1370.
Package xcolor Info: Model `Gray' substituted by `gray' on input line 1371.
Package xcolor Info: Model `wave' substituted by `hsb' on input line 1372.
) (c:/Users/david/AppData/Roaming/TinyTeX/texmf-dist/tex/latex/float/float.sty
Package: float 2001/11/08 v1.3d Float enhancements (AL)
\c@float@type=\count315
\float@exts=\toks26
\float@box=\box55
\@float@everytoks=\toks27
\@floatcapt=\box56
)
Package hyperref Info: Option `colorlinks' set `true' on input line 20.
 (c:/Users/david/AppData/Roaming/TinyTeX/texmf-dist/tex/latex/l3backend/l3backend-pdftex.def
File: l3backend-pdftex.def 2025-10-09 L3 backend support: PDF output (pdfTeX)
\l__color_backend_stack_int=\count316
) (./paper.aux)
\openout1 = `paper.aux'.

LaTeX Font Info:    Checking defaults for OML/cmm/m/it on input line 43.
LaTeX Font Info:    ... okay on input line 43.
LaTeX Font Info:    Checking defaults for OMS/cmsy/m/n on input line 43.
LaTeX Font Info:    ... okay on input line 43.
LaTeX Font Info:    Checking defaults for OT1/cmr/m/n on input line 43.
LaTeX Font Info:    ... okay on input line 43.
LaTeX Font Info:    Checking defaults for T1/cmr/m/n on input line 43.
LaTeX Font Info:    ... okay on input line 43.
LaTeX Font Info:    Checking defaults for TS1/cmr/m/n on input line 43.
LaTeX Font Info:    ... okay on input line 43.
LaTeX Font Info:    Checking defaults for OMX/cmex/m/n on input line 43.
LaTeX Font Info:    ... okay on input line 43.
LaTeX Font Info:    Checking defaults for U/cmr/m/n on input line 43.
LaTeX Font Info:    ... okay on input line 43.
LaTeX Font Info:    Checking defaults for PD1/pdf/m/n on input line 43.
LaTeX Font Info:    ... okay on input line 43.
LaTeX Font Info:    Checking defaults for PU/pdf/m/n on input line 43.
LaTeX Font Info:    ... okay on input line 43.

*geometry* driver: auto-detecting
*geometry* detected driver: pdftex
*geometry* verbose mode - [ preamble ] result:
* driver: pdftex
* paper: <default>
* layout: <same size as paper>
* layoutoffset:(h,v)=(0.0pt,0.0pt)
* modes: 
* h-part:(L,W,R)=(51.21504pt, 511.86491pt, 51.21504pt)
* v-part:(T,H,B)=(56.9055pt, 681.15898pt, 56.9055pt)
* \paperwidth=614.295pt
* \paperheight=794.96999pt
* \textwidth=511.86491pt
* \textheight=681.15898pt
* \oddsidemargin=-21.05495pt
* \evensidemargin=-21.05495pt
* \topmargin=-52.36449pt
* \headheight=12.0pt
* \headsep=25.0pt
* \topskip=10.0pt
* \footskip=30.0pt
* \marginparwidth=4.0pt
* \marginparsep=10.0pt
* \columnsep=17.07182pt
* \skip\footins=9.0pt plus 4.0pt minus 2.0pt
* \hoffset=0.0pt
* \voffset=0.0pt
* \mag=1000
* \@twocolumntrue
* \@twosidefalse
* \@mparswitchfalse
* \@reversemarginfalse
* (1in=72.27pt=25.4mm, 1cm=28.453pt)

(c:/Users/david/AppData/Roaming/TinyTeX/texmf-dist/tex/latex/epstopdf-pkg/epstopdf-base.sty
Package: epstopdf-base 2020-01-24 v2.11 Base part for package epstopdf
Package epstopdf-base Info: Redefining graphics rule for `.eps' on input line 485.
 (c:/Users/david/AppData/Roaming/TinyTeX/texmf-dist/tex/latex/latexconfig/epstopdf-sys.cfg
File: epstopdf-sys.cfg 2010/07/13 v1.3 Configuration of (r)epstopdf for TeX Live
))
Package hyperref Info: Link coloring ON on input line 43.
 (./paper.out) (./paper.out)
\@outlinefile=\write3
\openout3 = `paper.out'.

LaTeX Font Info:    Trying to load font information for U+msa on input line 45.
 (c:/Users/david/AppData/Roaming/TinyTeX/texmf-dist/tex/latex/amsfonts/umsa.fd
File: umsa.fd 2013/01/14 v3.01 AMS symbols A
)
LaTeX Font Info:    Trying to load font information for U+msb on input line 45.
 (c:/Users/david/AppData/Roaming/TinyTeX/texmf-dist/tex/latex/amsfonts/umsb.fd
File: umsb.fd 2013/01/14 v3.01 AMS symbols B
)
Underfull \vbox (badness 10000) has occurred while \output is active []

 [1{c:/Users/david/AppData/Roaming/TinyTeX/texmf-var/fonts/map/pdftex/updmap/pdftex.map}


]
Underfull \hbox (badness 1824) in paragraph at lines 85--86
[]\T1/cmr/m/n/10 Train and bench-mark seven clas-si-fi-ca-tion mod-
 []


Underfull \hbox (badness 10000) in paragraph at lines 86--87
\T1/cmr/m/n/10 im-por-tance rank-ings, di-rec-tional ef-fects, and
 []


Underfull \vbox (badness 1168) has occurred while \output is active []


Underfull \hbox (badness 10000) in paragraph at lines 126--126
[]\T1/cmr/bx/n/12 Educational Data Min-ing and
 []


Underfull \hbox (badness 1394) in paragraph at lines 128--129
\T1/cmr/m/n/10 The ap-pli-ca-tion of ma-chine learn-ing to ed-u-ca-tional
 []

[2
pdfTeX warning (ext4): destination with the same identifier (name{table.1}) has been already used, duplicate ignored
<argument> ...shipout:D \box_use:N \l_shipout_box 
                                                  \__shipout_drop_firstpage_...
l.129 
      ] [3
pdfTeX warning (ext4): destination with the same identifier (name{table.2}) has been already used, duplicate ignored
<argument> ...shipout:D \box_use:N \l_shipout_box 
                                                  \__shipout_drop_firstpage_...
l.176   \item \textbf
                     {Missing value handling}: Columns exceeding 60\% missin...]
Underfull \hbox (badness 1354) in paragraph at lines 176--177
[]\T1/cmr/bx/n/10 Missing value han-dling\T1/cmr/m/n/10 : Columns ex-ceed-ing
 []


Underfull \hbox (badness 2809) in paragraph at lines 176--177
\T1/cmr/m/n/10 60% miss-ing-ness were dropped (\T1/cmtt/m/n/10 years_abroad\T1/cmr/m/n/10 ,
 []


Underfull \hbox (badness 3895) in paragraph at lines 177--178
[]\T1/cmr/bx/n/10 Binary en-cod-ing\T1/cmr/m/n/10 : Yes/No sur-vey re-sponses
 []


Underfull \hbox (badness 10000) in paragraph at lines 218--219
[]\T1/cmr/bx/n/10 Logistic Re-gres-sion \T1/cmr/m/n/10 (SAGA solver,
 []


Underfull \hbox (badness 6396) in paragraph at lines 222--223
\T1/cmr/m/n/10 sub-sam-ple = 0.8, \T1/cmtt/m/n/10 colsample_bytree \T1/cmr/m/n/10 = 0.8,
 []


Underfull \hbox (badness 1158) in paragraph at lines 222--223
\T1/cmr/m/n/10 order ap-prox-i-ma-tions [[]]. Re-cent bench-marks
 []


Underfull \hbox (badness 10000) in paragraph at lines 224--225
[]\T1/cmr/bx/n/10 Quadratic Dis-crim-i-nant Anal-y-sis
 []


Underfull \hbox (badness 7451) in paragraph at lines 224--225
\T1/cmr/m/n/10 (\T1/cmtt/m/n/10 reg_param \T1/cmr/m/n/10 = 0.5): density-estimation with
 []

[4
pdfTeX warning (ext4): destination with the same identifier (name{table.3}) has been already used, duplicate ignored
<argument> ...shipout:D \box_use:N \l_shipout_box 
                                                  \__shipout_drop_firstpage_...
l.232 
      ]
<images/only_roc_auc.png, id=267, 344.9688pt x 349.305pt>
File: images/only_roc_auc.png Graphic file (type png)
<use images/only_roc_auc.png>
Package pdftex.def Info: images/only_roc_auc.png  used on input line 271.
(pdftex.def)             Requested size: 247.39655pt x 250.51335pt.

Underfull \vbox (badness 1755) has occurred while \output is active []

 [5
pdfTeX warning (ext4): destination with the same identifier (name{table.4}) has been already used, duplicate ignored
<argument> ...shipout:D \box_use:N \l_shipout_box 
                                                  \__shipout_drop_firstpage_...
l.303 
      
pdfTeX warning (ext4): destination with the same identifier (name{figure.1}) has been already used, duplicate ignored
<argument> ...shipout:D \box_use:N \l_shipout_box 
                                                  \__shipout_drop_firstpage_...
l.303 
      
pdfTeX warning (ext4): destination with the same identifier (name{table.5}) has been already used, duplicate ignored
<argument> ...shipout:D \box_use:N \l_shipout_box 
                                                  \__shipout_drop_firstpage_...
l.303 
       <./images/only_roc_auc.png>]
<images/threshold_sensitivity.png, id=282, 927.9468pt x 277.035pt>
File: images/threshold_sensitivity.png Graphic file (type png)
<use images/threshold_sensitivity.png>
Package pdftex.def Info: images/threshold_sensitivity.png  used on input line 306.
(pdftex.def)             Requested size: 247.39655pt x 73.85777pt.

Underfull \vbox (badness 10000) has occurred while \output is active []

<images/shap_red_blue.png, id=286, 686.0832pt x 564.1878pt>
File: images/shap_red_blue.png Graphic file (type png)
<use images/shap_red_blue.png>
Package pdftex.def Info: images/shap_red_blue.png  used on input line 383.
(pdftex.def)             Requested size: 247.39655pt x 203.43459pt.

Underfull \vbox (badness 10000) has occurred while \output is active []

 [6
pdfTeX warning (ext4): destination with the same identifier (name{figure.2}) has been already used, duplicate ignored
<argument> ...shipout:D \box_use:N \l_shipout_box 
                                                  \__shipout_drop_firstpage_...
l.389 
      
pdfTeX warning (ext4): destination with the same identifier (name{table.6}) has been already used, duplicate ignored
<argument> ...shipout:D \box_use:N \l_shipout_box 
                                                  \__shipout_drop_firstpage_...
l.389 
      
pdfTeX warning (ext4): destination with the same identifier (name{table.7}) has been already used, duplicate ignored
<argument> ...shipout:D \box_use:N \l_shipout_box 
                                                  \__shipout_drop_firstpage_...
l.389 
       <./images/threshold_sensitivity.png>]
Underfull \hbox (badness 10000) in paragraph at lines 392--393
\T1/cmr/m/n/10 The highest-probability test re-spon-dent had
 []


Underfull \vbox (badness 10000) has occurred while \output is active []


Underfull \hbox (badness 1694) in paragraph at lines 422--423
\T1/cmr/m/n/10 ($\OT1/cmr/m/n/10 +217%$\T1/cmr/m/n/10 ), years since grad-u-a-tion ($\OT1/cmr/m/n/10 +85%$\T1/cmr/m/n/10 ), and age
 []

[7
pdfTeX warning (ext4): destination with the same identifier (name{figure.3}) has been already used, duplicate ignored
<argument> ...shipout:D \box_use:N \l_shipout_box 
                                                  \__shipout_drop_firstpage_...
l.435 
      
pdfTeX warning (ext4): destination with the same identifier (name{table.8}) has been already used, duplicate ignored
<argument> ...shipout:D \box_use:N \l_shipout_box 
                                                  \__shipout_drop_firstpage_...
l.435 
       <./images/shap_red_blue.png>] [8]
Underfull \hbox (badness 1348) in paragraph at lines 482--488
\T1/cmr/m/it/10 2025)\T1/cmr/m/n/10 , 2026.  [][]$\T1/cmtt/m/n/10 https : / / www . scopus . com / pages /
 []


Underfull \hbox (badness 3128) in paragraph at lines 504--509
\T1/cmr/m/it/10 In-ter-na-tional Con-fer-ence on Com-pu-ta-tional In-
 []


Underfull \hbox (badness 2486) in paragraph at lines 504--509
\T1/cmr/m/it/10 tel-li-gence and Com-mu-ni-ca-tion Net-works (CICN
 []


Underfull \hbox (badness 1348) in paragraph at lines 504--509
\T1/cmr/m/it/10 2025)\T1/cmr/m/n/10 , 2025.  [][]$\T1/cmtt/m/n/10 https : / / www . scopus . com / pages /
 []


Underfull \hbox (badness 2103) in paragraph at lines 511--517
\T1/cmr/m/n/10 pan, A. T.  Stu-dent ca-reer pre-dic-tion based
 []


Underfull \hbox (badness 3179) in paragraph at lines 511--517
\T1/cmr/m/n/10 In \T1/cmr/m/it/10 10th In-ter-na-tional Con-fer-ence on Ad-vanced
 []


Underfull \hbox (badness 1348) in paragraph at lines 511--517
\T1/cmr/m/it/10 2024)\T1/cmr/m/n/10 , 2024.  [][]$\T1/cmtt/m/n/10 https : / / www . scopus . com / pages /
 []


Underfull \hbox (badness 4595) in paragraph at lines 519--525
\T1/cmr/m/it/10 In-te-grated STEM Ed-u-ca-tion Con-fer-ence (ISEC
 []


Underfull \hbox (badness 1348) in paragraph at lines 519--525
\T1/cmr/m/it/10 2025)\T1/cmr/m/n/10 , 2025.  [][]$\T1/cmtt/m/n/10 https : / / www . scopus . com / pages /
 []


Underfull \hbox (badness 2213) in paragraph at lines 534--539
\T1/cmr/m/n/10 chal-lenges of ap-ply-ing pre-dic-tive an-a-lyt-ics and
 []


Underfull \hbox (badness 3646) in paragraph at lines 534--539
\T1/cmr/m/n/10 knowl-edge for decision-making in tal-ent man-
 []


Underfull \hbox (badness 2617) in paragraph at lines 534--539
\T1/cmr/m/n/10 age-ment.  \T1/cmr/m/it/10 Jour-nal of In-no-va-tion and Knowl-
 []


Underfull \hbox (badness 3428) in paragraph at lines 534--539
\T1/cmr/m/it/10 edge\T1/cmr/m/n/10 , 2026.  [][]$\T1/cmtt/m/n/10 https : / / www . scopus . com / pages /
 []


Underfull \hbox (badness 1917) in paragraph at lines 550--557
\T1/cmr/m/n/10 view of pre-dic-tive mod-el-ing ap-proaches in ed-
 []


Underfull \hbox (badness 1533) in paragraph at lines 550--557
\T1/cmr/m/it/10 In-no-va-tive Tech-nol-ogy and In-ter-dis-ci-plinary Sci-
 []


Underfull \hbox (badness 1755) in paragraph at lines 550--557
\T1/cmr/m/it/10 ences\T1/cmr/m/n/10 , 2026.  [][]$\T1/cmtt/m/n/10 https : / / www . scopus . com / pages /
 []

[9]
Underfull \hbox (badness 1067) in paragraph at lines 582--588
\T1/cmr/m/n/10 Gen Z in en-gi-neer-ing ed-u-ca-tion.  In \T1/cmr/m/it/10 10th Re-
 []


Underfull \hbox (badness 1348) in paragraph at lines 582--588
\T1/cmr/m/it/10 2024)\T1/cmr/m/n/10 , 2024.  [][]$\T1/cmtt/m/n/10 https : / / www . scopus . com / pages /
 []


Underfull \hbox (badness 2582) in paragraph at lines 598--603
\T1/cmr/m/n/10 role of psy-cho-log-i-cal re-sources and so-ciode-mo-
 []


Underfull \hbox (badness 1221) in paragraph at lines 598--603
\T1/cmr/m/n/10 graphic char-ac-ter-is-tics.  \T1/cmr/m/it/10 Jour-nal of Ca-reer As-
 []

[10

] (./paper.aux)
 ***********
LaTeX2e <2025-11-01>
L3 programming layer <2025-10-24>
 ***********
Package rerunfilecheck Info: File `paper.out' has not changed.
(rerunfilecheck)             Checksum: 6B13EAE57090052B0A5F5F18B28A666C;6127.
 ) 
Here is how much of TeX's memory you used:
 11273 strings out of 469559
 170970 string characters out of 5469270
 601201 words of memory out of 5000000
 39645 multiletter control sequences out of 15000+600000
 644792 words of font info for 83 fonts, out of 8000000 for 9000
 14 hyphenation exceptions out of 8191
 75i,15n,79p,1180b,601s stack positions out of 10000i,1000n,20000p,200000b,200000s
 <c:/Users/david/AppData/Roaming/TinyTeX/texmf-var/fonts/pk/ljfour/jknappen/ec/ecrm0700.600pk> <c:/Users/david/AppData/Roaming/TinyTeX/texmf-var/fonts/pk/ljfour/jknappen/ec/ectt1000.600pk> <c:/Users/david/AppData/Roaming/TinyTeX/texmf-var/fonts/pk/ljfour/jknappen/ec/tcrm1000.600pk> <c:/Users/david/AppData/Roaming/TinyTeX/texmf-var/fonts/pk/ljfour/jknappen/ec/ecti1000.600pk> <c:/Users/david/AppData/Roaming/TinyTeX/texmf-var/fonts/pk/ljfour/jknappen/ec/ecbx1200.600pk> <c:/Users/david/AppData/Roaming/TinyTeX/texmf-var/fonts/pk/ljfour/jknappen/ec/ecbx1000.600pk> <c:/Users/david/AppData/Roaming/TinyTeX/texmf-var/fonts/pk/ljfour/jknappen/ec/ecrm1000.600pk> <c:/Users/david/AppData/Roaming/TinyTeX/texmf-var/fonts/pk/ljfour/jknappen/ec/ecbx1440.600pk> <c:/Users/david/AppData/Roaming/TinyTeX/texmf-var/fonts/pk/ljfour/jknappen/ec/ecrm0900.600pk> <c:/Users/david/AppData/Roaming/TinyTeX/texmf-var/fonts/pk/ljfour/jknappen/ec/ecrm1200.600pk> <c:/Users/david/AppData/Roaming/TinyTeX/texmf-var/fonts/pk/ljfour/jknappen/ec/ecbx1728.600pk><c:/Users/david/AppData/Roaming/TinyTeX/texmf-dist/fonts/type1/public/amsfonts/cm/cmbx10.pfb><c:/Users/david/AppData/Roaming/TinyTeX/texmf-dist/fonts/type1/public/amsfonts/cm/cmmi10.pfb><c:/Users/david/AppData/Roaming/TinyTeX/texmf-dist/fonts/type1/public/amsfonts/cm/cmr10.pfb><c:/Users/david/AppData/Roaming/TinyTeX/texmf-dist/fonts/type1/public/amsfonts/cm/cmr7.pfb><c:/Users/david/AppData/Roaming/TinyTeX/texmf-dist/fonts/type1/public/amsfonts/cm/cmsy10.pfb><c:/Users/david/AppData/Roaming/TinyTeX/texmf-dist/fonts/type1/public/amsfonts/cm/cmsy7.pfb>
Output written on paper.pdf (10 pages, 590352 bytes).
PDF statistics:
 895 PDF objects out of 1000 (max. 8388607)
 419 compressed objects within 5 object streams
 94 named destinations out of 1000 (max. 500000)
 296 words of extra memory for PDF output out of 10000 (max. 10000000)

